# JRE version: Java(TM) SE Runtime Environment (8.0_20-b26) (build 1.8.0_20-b26)
# Java VM: Java HotSpot(TM) 64-Bit Server VM (25.20-b23 mixed mode windows-amd64 compressed oops)
Heap:
 PSYoungGen      total 15360K, used 2032K [0x00000000ef300000, 0x00000000f0400000, 0x0000000100000000)
  eden space 13312K, 0% used [0x00000000ef300000,0x00000000ef300000,0x00000000f0000000)
  from space 2048K, 99% used [0x00000000f0000000,0x00000000f01fc010,0x00000000f0200000)
  to   space 2048K, 0% used [0x00000000f0200000,0x00000000f0200000,0x00000000f0400000)
 ParOldGen       total 35840K, used 1524K [0x00000000cd800000, 0x00000000cfb00000, 0x00000000ef300000)
  object space 35840K, 4% used [0x00000000cd800000,0x00000000cd97d2b0,0x00000000cfb00000)
 Metaspace       used 13877K, capacity 14542K, committed 14720K, reserved 1067008K
  class space    used 1976K, capacity 2105K, committed 2176K, reserved 1048576K
GC Heap History (4 events):
Event: 7.504 GC heap before
{Heap before GC invocations=1 (full 0):
 PSYoungGen      total 15360K, used 13312K [0x00000000ef300000, 0x00000000f0400000, 0x0000000100000000)
  eden space 13312K, 100% used [0x00000000ef300000,0x00000000f0000000,0x00000000f0000000)
  from space 2048K, 0% used [0x00000000f0200000,0x00000000f0200000,0x00000000f0400000)
  to   space 2048K, 0% used [0x00000000f0000000,0x00000000f0000000,0x00000000f0200000)
 ParOldGen       total 35840K, used 0K [0x00000000cd800000, 0x00000000cfb00000, 0x00000000ef300000)
  object space 35840K, 0% used [0x00000000cd800000,0x00000000cd800000,0x00000000cfb00000)
 Metaspace       used 8382K, capacity 8700K, committed 8960K, reserved 1056768K
  class space    used 1107K, capacity 1173K, committed 1280K, reserved 1048576K
Event: 7.509 GC heap after
Heap after GC invocations=1 (full 0):
 PSYoungGen      total 15360K, used 1952K [0x00000000ef300000, 0x00000000f0400000, 0x0000000100000000)
  eden space 13312K, 0% used [0x00000000ef300000,0x00000000ef300000,0x00000000f0000000)
  from space 2048K, 95% used [0x00000000f0000000,0x00000000f01e8000,0x00000000f0200000)
  to   space 2048K, 0% used [0x00000000f0200000,0x00000000f0200000,0x00000000f0400000)
 ParOldGen       total 35840K, used 8K [0x00000000cd800000, 0x00000000cfb00000, 0x00000000ef300000)
  object space 35840K, 0% used [0x00000000cd800000,0x00000000cd802000,0x00000000cfb00000)
 Metaspace       used 8382K, capacity 8700K, committed 8960K, reserved 1056768K
  class space    used 1107K, capacity 1173K, committed 1280K, reserved 1048576K
}
Event: 16.607 GC heap before
{Heap before GC invocations=2 (full 0):
 PSYoungGen      total 15360K, used 15264K [0x00000000ef300000, 0x00000000f0400000, 0x0000000100000000)
  eden space 13312K, 100% used [0x00000000ef300000,0x00000000f0000000,0x00000000f0000000)
  from space 2048K, 95% used [0x00000000f0000000,0x00000000f01e8000,0x00000000f0200000)
  to   space 2048K, 0% used [0x00000000f0200000,0x00000000f0200000,0x00000000f0400000)
 ParOldGen       total 35840K, used 8K [0x00000000cd800000, 0x00000000cfb00000, 0x00000000ef300000)
  object space 35840K, 0% used [0x00000000cd800000,0x00000000cd802000,0x00000000cfb00000)
 Metaspace       used 13616K, capacity 14242K, committed 14464K, reserved 1060864K
  class space    used 1942K, capacity 2071K, committed 2176K, reserved 1048576K
Event: 16.617 GC heap after
Heap after GC invocations=2 (full 0):
 PSYoungGen      total 15360K, used 2016K [0x00000000ef300000, 0x00000000f0400000, 0x0000000100000000)
  eden space 13312K, 0% used [0x00000000ef300000,0x00000000ef300000,0x00000000f0000000)
  from space 2048K, 98% used [0x00000000f0200000,0x00000000f03f8020,0x00000000f0400000)
  to   space 2048K, 0% used [0x00000000f0000000,0x00000000f0000000,0x00000000f0200000)
 ParOldGen       total 35840K, used 1460K [0x00000000cd800000, 0x00000000cfb00000, 0x00000000ef300000)
  object space 35840K, 4% used [0x00000000cd800000,0x00000000cd96d2b0,0x00000000cfb00000)
 Metaspace       used 13616K, capacity 14242K, committed 14464K, reserved 1060864K
  class space    used 1942K, capacity 2071K, committed 2176K, reserved 1048576K
}

