# JRE version: Java(TM) SE Runtime Environment (8.0_20-b26) (build 1.8.0_20-b26)
# Java VM: Java HotSpot(TM) 64-Bit Server VM (25.20-b23 mixed mode windows-amd64 compressed oops)
Heap:
 PSYoungGen      total 15360K, used 8619K [0x00000000ef300000, 0x00000000f0400000, 0x0000000100000000)
  eden space 13312K, 49% used [0x00000000ef300000,0x00000000ef972ca0,0x00000000f0000000)
  from space 2048K, 98% used [0x00000000f0200000,0x00000000f03f8020,0x00000000f0400000)
  to   space 2048K, 0% used [0x00000000f0000000,0x00000000f0000000,0x00000000f0200000)
 ParOldGen       total 35840K, used 1848K [0x00000000cd800000, 0x00000000cfb00000, 0x00000000ef300000)
  object space 35840K, 5% used [0x00000000cd800000,0x00000000cd9ce060,0x00000000cfb00000)
 Metaspace       used 14967K, capacity 15696K, committed 15872K, reserved 1062912K
  class space    used 2114K, capacity 2257K, committed 2304K, reserved 1048576K
GC Heap History (4 events):
Event: 2.006 GC heap before
{Heap before GC invocations=1 (full 0):
 PSYoungGen      total 15360K, used 13312K [0x00000000ef300000, 0x00000000f0400000, 0x0000000100000000)
  eden space 13312K, 100% used [0x00000000ef300000,0x00000000f0000000,0x00000000f0000000)
  from space 2048K, 0% used [0x00000000f0200000,0x00000000f0200000,0x00000000f0400000)
  to   space 2048K, 0% used [0x00000000f0000000,0x00000000f0000000,0x00000000f0200000)
 ParOldGen       total 35840K, used 0K [0x00000000cd800000, 0x00000000cfb00000, 0x00000000ef300000)
  object space 35840K, 0% used [0x00000000cd800000,0x00000000cd800000,0x00000000cfb00000)
 Metaspace       used 8228K, capacity 8476K, committed 8576K, reserved 1056768K
  class space    used 1047K, capacity 1103K, committed 1152K, reserved 1048576K
Event: 2.014 GC heap after
Heap after GC invocations=1 (full 0):
 PSYoungGen      total 15360K, used 2016K [0x00000000ef300000, 0x00000000f0400000, 0x0000000100000000)
  eden space 13312K, 0% used [0x00000000ef300000,0x00000000ef300000,0x00000000f0000000)
  from space 2048K, 98% used [0x00000000f0000000,0x00000000f01f8040,0x00000000f0200000)
  to   space 2048K, 0% used [0x00000000f0200000,0x00000000f0200000,0x00000000f0400000)
 ParOldGen       total 35840K, used 392K [0x00000000cd800000, 0x00000000cfb00000, 0x00000000ef300000)
  object space 35840K, 1% used [0x00000000cd800000,0x00000000cd862000,0x00000000cfb00000)
 Metaspace       used 8228K, capacity 8476K, committed 8576K, reserved 1056768K
  class space    used 1047K, capacity 1103K, committed 1152K, reserved 1048576K
}
Event: 4.103 GC heap before
{Heap before GC invocations=2 (full 0):
 PSYoungGen      total 15360K, used 15328K [0x00000000ef300000, 0x00000000f0400000, 0x0000000100000000)
  eden space 13312K, 100% used [0x00000000ef300000,0x00000000f0000000,0x00000000f0000000)
  from space 2048K, 98% used [0x00000000f0000000,0x00000000f01f8040,0x00000000f0200000)
  to   space 2048K, 0% used [0x00000000f0200000,0x00000000f0200000,0x00000000f0400000)
 ParOldGen       total 35840K, used 392K [0x00000000cd800000, 0x00000000cfb00000, 0x00000000ef300000)
  object space 35840K, 1% used [0x00000000cd800000,0x00000000cd862000,0x00000000cfb00000)
 Metaspace       used 13520K, capacity 14198K, committed 14336K, reserved 1060864K
  class space    used 1916K, capacity 2037K, committed 2048K, reserved 1048576K
Event: 4.116 GC heap after
Heap after GC invocations=2 (full 0):
 PSYoungGen      total 15360K, used 2016K [0x00000000ef300000, 0x00000000f0400000, 0x0000000100000000)
  eden space 13312K, 0% used [0x00000000ef300000,0x00000000ef300000,0x00000000f0000000)
  from space 2048K, 98% used [0x00000000f0200000,0x00000000f03f8020,0x00000000f0400000)
  to   space 2048K, 0% used [0x00000000f0000000,0x00000000f0000000,0x00000000f0200000)
 ParOldGen       total 35840K, used 1848K [0x00000000cd800000, 0x00000000cfb00000, 0x00000000ef300000)
  object space 35840K, 5% used [0x00000000cd800000,0x00000000cd9ce060,0x00000000cfb00000)
 Metaspace       used 13520K, capacity 14198K, committed 14336K, reserved 1060864K
  class space    used 1916K, capacity 2037K, committed 2048K, reserved 1048576K
}

